Using pre-set license
Built from '2020.3/release' branch; Version is '2020.3.12f1 (b3b2c6512326) revision 11776710'; Using compiler version '192528614'; Build Type 'Release'
OS: 'Windows 10 Pro; OS build 19042.1149; Version 2009; 64bit' Language: 'ru' Physical Memory: 12255 MB
BatchMode: 1, IsHumanControllingUs: 0, StartBugReporterOnCrash: 0, Is64bit: 1, IsPro: 0

 COMMAND LINE ARGUMENTS:
D:\Unity2019\2020.3.12f1\Editor\Unity.exe
-adb2
-batchMode
-noUpm
-name
AssetImportWorker0
-projectPath
D:/__DOCS__/PROJECTSTEPAN_1-asort/Project Stepan
-logFile
Logs/AssetImportWorker0.log
-srvPort
56977
Successfully changed project path to: D:/__DOCS__/PROJECTSTEPAN_1-asort/Project Stepan
D:/__DOCS__/PROJECTSTEPAN_1-asort/Project Stepan
Using Asset Import Pipeline V2.
Refreshing native plugins compatible for Editor in 46.15 ms, found 2 plugins.
Preloading 0 native plugins for Editor in 0.00 ms.
Initialize engine version: 2020.3.12f1 (b3b2c6512326)
[Subsystems] Discovering subsystems at path D:/Unity2019/2020.3.12f1/Editor/Data/Resources/UnitySubsystems
[Subsystems] Discovering subsystems at path D:/__DOCS__/PROJECTSTEPAN_1-asort/Project Stepan/Assets
GfxDevice: creating device client; threaded=0
Direct3D:
    Version:  Direct3D 11.0 [level 11.1]
    Renderer: NVIDIA GeForce GTX 1050 Ti (ID=0x1c82)
    Vendor:   
    VRAM:     4018 MB
    Driver:   30.0.14.7111
Initialize mono
Mono path[0] = 'D:/Unity2019/2020.3.12f1/Editor/Data/Managed'
Mono path[1] = 'D:/Unity2019/2020.3.12f1/Editor/Data/MonoBleedingEdge/lib/mono/unityjit'
Mono config path = 'D:/Unity2019/2020.3.12f1/Editor/Data/MonoBleedingEdge/etc'
Using monoOptions --debugger-agent=transport=dt_socket,embedding=1,server=y,suspend=n,address=127.0.0.1:56628
Begin MonoManager ReloadAssembly
Registering precompiled unity dll's ...
Register platform support module: D:/Unity2019/2020.3.12f1/Editor/Data/PlaybackEngines/WindowsStandaloneSupport/UnityEditor.WindowsStandalone.Extensions.dll
Registered in 0.003249 seconds.
Native extension for WindowsStandalone target not found
Refreshing native plugins compatible for Editor in 52.72 ms, found 2 plugins.
Preloading 0 native plugins for Editor in 0.00 ms.
Mono: successfully reloaded assembly
- Completed reload, in  3.347 seconds
Platform modules already initialized, skipping
Registering precompiled user dll's ...
Registered in 0.004353 seconds.
Begin MonoManager ReloadAssembly
Native extension for WindowsStandalone target not found
Refreshing native plugins compatible for Editor in 0.44 ms, found 2 plugins.
Preloading 0 native plugins for Editor in 0.00 ms.
Mono: successfully reloaded assembly
- Completed reload, in  1.631 seconds
Platform modules already initialized, skipping
========================================================================
Worker process is ready to serve import requests
Launched and connected shader compiler UnityShaderCompiler.exe after 0.07 seconds
Refreshing native plugins compatible for Editor in 0.39 ms, found 2 plugins.
Preloading 0 native plugins for Editor in 0.00 ms.
Unloading 1441 Unused Serialized files (Serialized files now loaded: 0)
System memory in use before: 66.3 MB.
System memory in use after: 66.3 MB.

Unloading 19 unused Assets to reduce memory usage. Loaded Objects now: 1874.
Total: 2.197700 ms (FindLiveObjects: 0.155300 ms CreateObjectMapping: 0.063600 ms MarkObjects: 1.868700 ms  DeleteObjects: 0.108200 ms)

AssetImportParameters requested are different than current active one (requested -> active):
  custom:framework-win-MediaFoundation: 216162199b28c13a410421893ffa2e32 -> 
  custom:video-decoder-ogg-theora: a1e56fd34408186e4bbccfd4996cb3dc -> 
  custom:container-muxer-webm: aa71ff27fc2769a1b78a27578f13a17b -> 
  custom:container-demuxer-webm: 4f35f7cbe854078d1ac9338744f61a02 -> 
  custom:container-demuxer-ogg: 62fdf1f143b41e24485cea50d1cbac27 -> 
  custom:video-encoder-webm-vp8: eb34c28f22e8b96e1ab97ce403110664 -> 
  custom:video-decoder-webm-vp8: 9c59270c3fd7afecdb556c50c9e8de78 -> 
  custom:audio-decoder-ogg-vorbis: bf7c407c2cedff20999df2af8eb42d56 -> 
  custom:audio-encoder-webm-vorbis: bf7c407c2cedff20999df2af8eb42d56 -> 
========================================================================
Received Import Request.
  path: Assets/ass.txt
  artifactKey: Guid(36b8c8d1aeb5b674e98f94da2bc36e31) Importer(815301076,1909f56bfc062723c751e8b465ee728b)
Start importing Assets/ass.txt using Guid(36b8c8d1aeb5b674e98f94da2bc36e31) Importer(815301076,1909f56bfc062723c751e8b465ee728b)  -> (artifact id: 'b1ecbc5e54ee3c318a3bf27b4b975c4a') in 0.061775 seconds 
  Import took 0.064548 seconds .

========================================================================
Received Import Request.
  Time since last request: 0.000243 seconds.
  path: Assets/fuckmya ss PLS.txt
  artifactKey: Guid(406cc54e565071f40a1916e47dfb974e) Importer(815301076,1909f56bfc062723c751e8b465ee728b)
Start importing Assets/fuckmya ss PLS.txt using Guid(406cc54e565071f40a1916e47dfb974e) Importer(815301076,1909f56bfc062723c751e8b465ee728b)  -> (artifact id: '065c9dcac50801b7823b22135919d92f') in 0.007864 seconds 
  Import took 0.010339 seconds .

========================================================================
Received Import Request.
  Time since last request: 25.749057 seconds.
  path: Assets/Scripts
  artifactKey: Guid(7a2d89a8fb4df824aa667479db139575) Importer(815301076,1909f56bfc062723c751e8b465ee728b)
Start importing Assets/Scripts using Guid(7a2d89a8fb4df824aa667479db139575) Importer(815301076,1909f56bfc062723c751e8b465ee728b)  -> (artifact id: 'fab9b3e76b64ea73054ec5c63e83d447') in 0.010191 seconds 
  Import took 0.013328 seconds .

========================================================================
Received Import Request.
  Time since last request: 3.559488 seconds.
  path: Assets/Scripts/SpawnEnemy.cs
  artifactKey: Guid(a109b3c61af72ce429d789ee2c8740d1) Importer(815301076,1909f56bfc062723c751e8b465ee728b)
Start importing Assets/Scripts/SpawnEnemy.cs using Guid(a109b3c61af72ce429d789ee2c8740d1) Importer(815301076,1909f56bfc062723c751e8b465ee728b)  -> (artifact id: 'f27b080da3fca77705ff45d6660a8a10') in 0.017082 seconds 
  Import took 0.019983 seconds .

========================================================================
Received Import Request.
  Time since last request: 0.037374 seconds.
  path: Assets/Scripts/SpawnEnemy.cs
  artifactKey: Guid(a109b3c61af72ce429d789ee2c8740d1) Importer(815301076,1909f56bfc062723c751e8b465ee728b)
Start importing Assets/Scripts/SpawnEnemy.cs using Guid(a109b3c61af72ce429d789ee2c8740d1) Importer(815301076,1909f56bfc062723c751e8b465ee728b)  -> (artifact id: 'f27b080da3fca77705ff45d6660a8a10') in 0.002901 seconds 
  Import took 0.007003 seconds .

========================================================================
Received Import Request.
  Time since last request: 4.606349 seconds.
  path: Assets/Scripts/EffectDestroy.cs
  artifactKey: Guid(8ab90f31be3c1ed47baa78ae28654257) Importer(815301076,1909f56bfc062723c751e8b465ee728b)
Start importing Assets/Scripts/EffectDestroy.cs using Guid(8ab90f31be3c1ed47baa78ae28654257) Importer(815301076,1909f56bfc062723c751e8b465ee728b)  -> (artifact id: 'f705b1cf006d6b07a1dbf6ab549e92f7') in 0.009903 seconds 
  Import took 0.013556 seconds .

========================================================================
Received Import Request.
  Time since last request: 0.000813 seconds.
  path: Assets/Scripts/EffectDestroy.cs
  artifactKey: Guid(8ab90f31be3c1ed47baa78ae28654257) Importer(815301076,1909f56bfc062723c751e8b465ee728b)
Start importing Assets/Scripts/EffectDestroy.cs using Guid(8ab90f31be3c1ed47baa78ae28654257) Importer(815301076,1909f56bfc062723c751e8b465ee728b)  -> (artifact id: 'f705b1cf006d6b07a1dbf6ab549e92f7') in 0.004281 seconds 
  Import took 0.007576 seconds .

========================================================================
Received Import Request.
  Time since last request: 149.638560 seconds.
  path: Assets/Prefabs
  artifactKey: Guid(e8481869877195f4abaf4d494e42b7bb) Importer(815301076,1909f56bfc062723c751e8b465ee728b)
Start importing Assets/Prefabs using Guid(e8481869877195f4abaf4d494e42b7bb) Importer(815301076,1909f56bfc062723c751e8b465ee728b)  -> (artifact id: '4c03c2f52f95915626e8d90687ce4263') in 0.011950 seconds 
  Import took 0.014974 seconds .

========================================================================
Received Import Request.
  Time since last request: 0.039330 seconds.
  path: Assets/Prefabs/Bullet.prefab
  artifactKey: Guid(ecae28e9e50cfc34d9adc17ba1460b39) Importer(815301076,1909f56bfc062723c751e8b465ee728b)
Start importing Assets/Prefabs/Bullet.prefab using Guid(ecae28e9e50cfc34d9adc17ba1460b39) Importer(815301076,1909f56bfc062723c751e8b465ee728b)  -> (artifact id: 'cef5a62c1220d5b0323ca50fe075d0f1') in 0.103889 seconds 
  Import took 0.106936 seconds .

========================================================================
Received Import Request.
  Time since last request: 0.000280 seconds.
  path: Assets/Prefabs/Drone.prefab
  artifactKey: Guid(fd3f7a3f16d700349b78b1e0706cc5d3) Importer(815301076,1909f56bfc062723c751e8b465ee728b)
Start importing Assets/Prefabs/Drone.prefab using Guid(fd3f7a3f16d700349b78b1e0706cc5d3) Importer(815301076,1909f56bfc062723c751e8b465ee728b)  -> (artifact id: '215e2b816215686199ad4c50492bea84') in 0.069432 seconds 
  Import took 0.072377 seconds .

========================================================================
Received Import Request.
  Time since last request: 0.000242 seconds.
  path: Assets/Prefabs/shiftBullet.prefab
  artifactKey: Guid(f4c0022a87ee7b9449dc30ae6c364c8a) Importer(815301076,1909f56bfc062723c751e8b465ee728b)
Start importing Assets/Prefabs/shiftBullet.prefab using Guid(f4c0022a87ee7b9449dc30ae6c364c8a) Importer(815301076,1909f56bfc062723c751e8b465ee728b)  -> (artifact id: 'a74dbb819377c2b6629b7412b90a7fe9') in 0.022669 seconds 
  Import took 0.025368 seconds .

========================================================================
Received Import Request.
  Time since last request: 0.002232 seconds.
  path: Assets/Prefabs/shiftBullet.prefab
  artifactKey: Guid(f4c0022a87ee7b9449dc30ae6c364c8a) Importer(815301076,1909f56bfc062723c751e8b465ee728b)
Start importing Assets/Prefabs/shiftBullet.prefab using Guid(f4c0022a87ee7b9449dc30ae6c364c8a) Importer(815301076,1909f56bfc062723c751e8b465ee728b)  -> (artifact id: 'a74dbb819377c2b6629b7412b90a7fe9') in 0.012984 seconds 
  Import took 0.016982 seconds .

========================================================================
Received Import Request.
  Time since last request: 24.774702 seconds.
  path: Assets/Scripts/Hero.cs
  artifactKey: Guid(7b6e1ef00a28e2449befb6eaca82b01d) Importer(815301076,1909f56bfc062723c751e8b465ee728b)
Start importing Assets/Scripts/Hero.cs using Guid(7b6e1ef00a28e2449befb6eaca82b01d) Importer(815301076,1909f56bfc062723c751e8b465ee728b)  -> (artifact id: '1ba5f8d77e5860489c43b27b2753f2c3') in 0.008342 seconds 
  Import took 0.011518 seconds .

========================================================================
Received Import Request.
  Time since last request: 0.038529 seconds.
  path: Assets/Scripts/Hero.cs
  artifactKey: Guid(7b6e1ef00a28e2449befb6eaca82b01d) Importer(815301076,1909f56bfc062723c751e8b465ee728b)
Start importing Assets/Scripts/Hero.cs using Guid(7b6e1ef00a28e2449befb6eaca82b01d) Importer(815301076,1909f56bfc062723c751e8b465ee728b)  -> (artifact id: '1ba5f8d77e5860489c43b27b2753f2c3') in 0.002805 seconds 
  Import took 0.006145 seconds .

========================================================================
Received Import Request.
  Time since last request: 190.065309 seconds.
  path: Assets/Scripts/Hero.cs
  artifactKey: Guid(7b6e1ef00a28e2449befb6eaca82b01d) Importer(815301076,1909f56bfc062723c751e8b465ee728b)
Start importing Assets/Scripts/Hero.cs using Guid(7b6e1ef00a28e2449befb6eaca82b01d) Importer(815301076,1909f56bfc062723c751e8b465ee728b)  -> (artifact id: 'ba272771cf010c77be569a5a48c29930') in 0.012402 seconds 
  Import took 0.017842 seconds .

========================================================================
Received Import Request.
  Time since last request: 27.364396 seconds.
  path: Assets/Scripts/Hero.cs
  artifactKey: Guid(7b6e1ef00a28e2449befb6eaca82b01d) Importer(815301076,1909f56bfc062723c751e8b465ee728b)
Start importing Assets/Scripts/Hero.cs using Guid(7b6e1ef00a28e2449befb6eaca82b01d) Importer(815301076,1909f56bfc062723c751e8b465ee728b)  -> (artifact id: '290fc1326aff792ccdebd65073797f00') in 0.006136 seconds 
  Import took 0.011571 seconds .

========================================================================
Received Import Request.
  Time since last request: 39.517896 seconds.
  path: Assets/Scripts/Hero.cs
  artifactKey: Guid(7b6e1ef00a28e2449befb6eaca82b01d) Importer(815301076,1909f56bfc062723c751e8b465ee728b)
Start importing Assets/Scripts/Hero.cs using Guid(7b6e1ef00a28e2449befb6eaca82b01d) Importer(815301076,1909f56bfc062723c751e8b465ee728b)  -> (artifact id: 'c8827fb79a8315401790593c0269c1d6') in 0.007635 seconds 
  Import took 0.011229 seconds .

========================================================================
Received Import Request.
  Time since last request: 130.419027 seconds.
  path: Assets/Scripts/Hero.cs
  artifactKey: Guid(7b6e1ef00a28e2449befb6eaca82b01d) Importer(815301076,1909f56bfc062723c751e8b465ee728b)
Start importing Assets/Scripts/Hero.cs using Guid(7b6e1ef00a28e2449befb6eaca82b01d) Importer(815301076,1909f56bfc062723c751e8b465ee728b)  -> (artifact id: '7b9613d6db878779fa75585eeec96be3') in 0.005974 seconds 
  Import took 0.009677 seconds .

========================================================================
Received Import Request.
  Time since last request: 32.121975 seconds.
  path: Assets/Scripts/Hero.cs
  artifactKey: Guid(7b6e1ef00a28e2449befb6eaca82b01d) Importer(815301076,1909f56bfc062723c751e8b465ee728b)
Start importing Assets/Scripts/Hero.cs using Guid(7b6e1ef00a28e2449befb6eaca82b01d) Importer(815301076,1909f56bfc062723c751e8b465ee728b)  -> (artifact id: '05547e14dd60f5c23fd25f8bfeaf1440') in 0.006170 seconds 
  Import took 0.010240 seconds .

========================================================================
Received Import Request.
  Time since last request: 2.386264 seconds.
  path: Assets/Scripts/Hero.cs
  artifactKey: Guid(7b6e1ef00a28e2449befb6eaca82b01d) Importer(815301076,1909f56bfc062723c751e8b465ee728b)
Start importing Assets/Scripts/Hero.cs using Guid(7b6e1ef00a28e2449befb6eaca82b01d) Importer(815301076,1909f56bfc062723c751e8b465ee728b)  -> (artifact id: '0aaed732bf2c565d7baa323af27fee8e') in 0.006821 seconds 
  Import took 0.011485 seconds .

========================================================================
Received Import Request.
  Time since last request: 27.129667 seconds.
  path: Assets/Scripts/Hero.cs
  artifactKey: Guid(7b6e1ef00a28e2449befb6eaca82b01d) Importer(815301076,1909f56bfc062723c751e8b465ee728b)
Start importing Assets/Scripts/Hero.cs using Guid(7b6e1ef00a28e2449befb6eaca82b01d) Importer(815301076,1909f56bfc062723c751e8b465ee728b)  -> (artifact id: 'f38f42de560bc306dd2582ef68a1d795') in 0.005320 seconds 
  Import took 0.009026 seconds .

========================================================================
Received Import Request.
  Time since last request: 14.231850 seconds.
  path: Assets/Scripts/Hero.cs
  artifactKey: Guid(7b6e1ef00a28e2449befb6eaca82b01d) Importer(815301076,1909f56bfc062723c751e8b465ee728b)
Start importing Assets/Scripts/Hero.cs using Guid(7b6e1ef00a28e2449befb6eaca82b01d) Importer(815301076,1909f56bfc062723c751e8b465ee728b)  -> (artifact id: 'd5dc1aeb3195ef91f6eef7e89a60c6f6') in 0.005030 seconds 
  Import took 0.008393 seconds .

========================================================================
Received Prepare
Registering precompiled user dll's ...
Registered in 0.003633 seconds.
Begin MonoManager ReloadAssembly
Native extension for WindowsStandalone target not found
Refreshing native plugins compatible for Editor in 0.43 ms, found 2 plugins.
Preloading 0 native plugins for Editor in 0.00 ms.
Mono: successfully reloaded assembly
- Completed reload, in  1.437 seconds
Platform modules already initialized, skipping
Refreshing native plugins compatible for Editor in 0.41 ms, found 2 plugins.
Preloading 0 native plugins for Editor in 0.00 ms.
Unloading 1436 Unused Serialized files (Serialized files now loaded: 0)
System memory in use before: 69.3 MB.
System memory in use after: 69.4 MB.

Unloading 14 unused Assets to reduce memory usage. Loaded Objects now: 1884.
Total: 2.616500 ms (FindLiveObjects: 0.164400 ms CreateObjectMapping: 0.064500 ms MarkObjects: 2.314200 ms  DeleteObjects: 0.071800 ms)

AssetImportParameters requested are different than current active one (requested -> active):
  custom:framework-win-MediaFoundation: 216162199b28c13a410421893ffa2e32 -> 
  custom:video-decoder-ogg-theora: a1e56fd34408186e4bbccfd4996cb3dc -> 
  custom:container-muxer-webm: aa71ff27fc2769a1b78a27578f13a17b -> 
  custom:container-demuxer-webm: 4f35f7cbe854078d1ac9338744f61a02 -> 
  custom:container-demuxer-ogg: 62fdf1f143b41e24485cea50d1cbac27 -> 
  custom:video-encoder-webm-vp8: eb34c28f22e8b96e1ab97ce403110664 -> 
  custom:video-decoder-webm-vp8: 9c59270c3fd7afecdb556c50c9e8de78 -> 
  custom:audio-decoder-ogg-vorbis: bf7c407c2cedff20999df2af8eb42d56 -> 
  custom:audio-encoder-webm-vorbis: bf7c407c2cedff20999df2af8eb42d56 -> 
========================================================================
Received Prepare
Registering precompiled user dll's ...
Registered in 0.004122 seconds.
Begin MonoManager ReloadAssembly
Native extension for WindowsStandalone target not found
Refreshing native plugins compatible for Editor in 0.41 ms, found 2 plugins.
Preloading 0 native plugins for Editor in 0.00 ms.
Mono: successfully reloaded assembly
- Completed reload, in  1.366 seconds
Platform modules already initialized, skipping
Refreshing native plugins compatible for Editor in 0.41 ms, found 2 plugins.
Preloading 0 native plugins for Editor in 0.00 ms.
Unloading 1436 Unused Serialized files (Serialized files now loaded: 0)
System memory in use before: 69.4 MB.
System memory in use after: 69.5 MB.

Unloading 14 unused Assets to reduce memory usage. Loaded Objects now: 1887.
Total: 2.199600 ms (FindLiveObjects: 0.156300 ms CreateObjectMapping: 0.067200 ms MarkObjects: 1.901300 ms  DeleteObjects: 0.072800 ms)

AssetImportParameters requested are different than current active one (requested -> active):
  custom:framework-win-MediaFoundation: 216162199b28c13a410421893ffa2e32 -> 
  custom:video-decoder-ogg-theora: a1e56fd34408186e4bbccfd4996cb3dc -> 
  custom:container-muxer-webm: aa71ff27fc2769a1b78a27578f13a17b -> 
  custom:container-demuxer-webm: 4f35f7cbe854078d1ac9338744f61a02 -> 
  custom:container-demuxer-ogg: 62fdf1f143b41e24485cea50d1cbac27 -> 
  custom:video-encoder-webm-vp8: eb34c28f22e8b96e1ab97ce403110664 -> 
  custom:video-decoder-webm-vp8: 9c59270c3fd7afecdb556c50c9e8de78 -> 
  custom:audio-decoder-ogg-vorbis: bf7c407c2cedff20999df2af8eb42d56 -> 
  custom:audio-encoder-webm-vorbis: bf7c407c2cedff20999df2af8eb42d56 -> 
========================================================================
Received Prepare
Registering precompiled user dll's ...
Registered in 0.004009 seconds.
Begin MonoManager ReloadAssembly
Native extension for WindowsStandalone target not found
Refreshing native plugins compatible for Editor in 0.42 ms, found 2 plugins.
Preloading 0 native plugins for Editor in 0.00 ms.
Mono: successfully reloaded assembly
- Completed reload, in  1.401 seconds
Platform modules already initialized, skipping
Refreshing native plugins compatible for Editor in 0.41 ms, found 2 plugins.
Preloading 0 native plugins for Editor in 0.00 ms.
Unloading 1436 Unused Serialized files (Serialized files now loaded: 0)
System memory in use before: 69.4 MB.
System memory in use after: 69.5 MB.

Unloading 14 unused Assets to reduce memory usage. Loaded Objects now: 1890.
Total: 2.477100 ms (FindLiveObjects: 0.152900 ms CreateObjectMapping: 0.078700 ms MarkObjects: 2.167500 ms  DeleteObjects: 0.076700 ms)

AssetImportParameters requested are different than current active one (requested -> active):
  custom:framework-win-MediaFoundation: 216162199b28c13a410421893ffa2e32 -> 
  custom:video-decoder-ogg-theora: a1e56fd34408186e4bbccfd4996cb3dc -> 
  custom:container-muxer-webm: aa71ff27fc2769a1b78a27578f13a17b -> 
  custom:container-demuxer-webm: 4f35f7cbe854078d1ac9338744f61a02 -> 
  custom:container-demuxer-ogg: 62fdf1f143b41e24485cea50d1cbac27 -> 
  custom:video-encoder-webm-vp8: eb34c28f22e8b96e1ab97ce403110664 -> 
  custom:video-decoder-webm-vp8: 9c59270c3fd7afecdb556c50c9e8de78 -> 
  custom:audio-decoder-ogg-vorbis: bf7c407c2cedff20999df2af8eb42d56 -> 
  custom:audio-encoder-webm-vorbis: bf7c407c2cedff20999df2af8eb42d56 -> 
========================================================================
Received Prepare
Registering precompiled user dll's ...
Registered in 0.004149 seconds.
Begin MonoManager ReloadAssembly
Native extension for WindowsStandalone target not found
Refreshing native plugins compatible for Editor in 0.41 ms, found 2 plugins.
Preloading 0 native plugins for Editor in 0.00 ms.
Mono: successfully reloaded assembly
- Completed reload, in  1.351 seconds
Platform modules already initialized, skipping
Refreshing native plugins compatible for Editor in 0.41 ms, found 2 plugins.
Preloading 0 native plugins for Editor in 0.00 ms.
Unloading 1436 Unused Serialized files (Serialized files now loaded: 0)
System memory in use before: 69.4 MB.
System memory in use after: 69.5 MB.

Unloading 14 unused Assets to reduce memory usage. Loaded Objects now: 1893.
Total: 2.348300 ms (FindLiveObjects: 0.168800 ms CreateObjectMapping: 0.080100 ms MarkObjects: 2.014400 ms  DeleteObjects: 0.083100 ms)

AssetImportParameters requested are different than current active one (requested -> active):
  custom:framework-win-MediaFoundation: 216162199b28c13a410421893ffa2e32 -> 
  custom:video-decoder-ogg-theora: a1e56fd34408186e4bbccfd4996cb3dc -> 
  custom:container-muxer-webm: aa71ff27fc2769a1b78a27578f13a17b -> 
  custom:container-demuxer-webm: 4f35f7cbe854078d1ac9338744f61a02 -> 
  custom:container-demuxer-ogg: 62fdf1f143b41e24485cea50d1cbac27 -> 
  custom:video-encoder-webm-vp8: eb34c28f22e8b96e1ab97ce403110664 -> 
  custom:video-decoder-webm-vp8: 9c59270c3fd7afecdb556c50c9e8de78 -> 
  custom:audio-decoder-ogg-vorbis: bf7c407c2cedff20999df2af8eb42d56 -> 
  custom:audio-encoder-webm-vorbis: bf7c407c2cedff20999df2af8eb42d56 -> 
========================================================================
Received Prepare
Registering precompiled user dll's ...
Registered in 0.003744 seconds.
Begin MonoManager ReloadAssembly
Native extension for WindowsStandalone target not found
Refreshing native plugins compatible for Editor in 0.40 ms, found 2 plugins.
Preloading 0 native plugins for Editor in 0.00 ms.
Mono: successfully reloaded assembly
- Completed reload, in  1.302 seconds
Platform modules already initialized, skipping
Refreshing native plugins compatible for Editor in 0.41 ms, found 2 plugins.
Preloading 0 native plugins for Editor in 0.00 ms.
Unloading 1436 Unused Serialized files (Serialized files now loaded: 0)
System memory in use before: 69.4 MB.
System memory in use after: 69.5 MB.

Unloading 14 unused Assets to reduce memory usage. Loaded Objects now: 1896.
Total: 2.492300 ms (FindLiveObjects: 0.163200 ms CreateObjectMapping: 0.078300 ms MarkObjects: 2.184600 ms  DeleteObjects: 0.064500 ms)

AssetImportParameters requested are different than current active one (requested -> active):
  custom:framework-win-MediaFoundation: 216162199b28c13a410421893ffa2e32 -> 
  custom:video-decoder-ogg-theora: a1e56fd34408186e4bbccfd4996cb3dc -> 
  custom:container-muxer-webm: aa71ff27fc2769a1b78a27578f13a17b -> 
  custom:container-demuxer-webm: 4f35f7cbe854078d1ac9338744f61a02 -> 
  custom:container-demuxer-ogg: 62fdf1f143b41e24485cea50d1cbac27 -> 
  custom:video-encoder-webm-vp8: eb34c28f22e8b96e1ab97ce403110664 -> 
  custom:video-decoder-webm-vp8: 9c59270c3fd7afecdb556c50c9e8de78 -> 
  custom:audio-decoder-ogg-vorbis: bf7c407c2cedff20999df2af8eb42d56 -> 
  custom:audio-encoder-webm-vorbis: bf7c407c2cedff20999df2af8eb42d56 -> 
========================================================================
Received Prepare
Registering precompiled user dll's ...
Registered in 0.003907 seconds.
Begin MonoManager ReloadAssembly
Native extension for WindowsStandalone target not found
Refreshing native plugins compatible for Editor in 0.41 ms, found 2 plugins.
Preloading 0 native plugins for Editor in 0.00 ms.
Mono: successfully reloaded assembly
- Completed reload, in  1.399 seconds
Platform modules already initialized, skipping
Refreshing native plugins compatible for Editor in 0.43 ms, found 2 plugins.
Preloading 0 native plugins for Editor in 0.00 ms.
Unloading 1436 Unused Serialized files (Serialized files now loaded: 0)
System memory in use before: 69.4 MB.
System memory in use after: 69.5 MB.

Unloading 14 unused Assets to reduce memory usage. Loaded Objects now: 1899.
Total: 2.349100 ms (FindLiveObjects: 0.166300 ms CreateObjectMapping: 0.080200 ms MarkObjects: 2.022900 ms  DeleteObjects: 0.077600 ms)

AssetImportParameters requested are different than current active one (requested -> active):
  custom:framework-win-MediaFoundation: 216162199b28c13a410421893ffa2e32 -> 
  custom:video-decoder-ogg-theora: a1e56fd34408186e4bbccfd4996cb3dc -> 
  custom:container-muxer-webm: aa71ff27fc2769a1b78a27578f13a17b -> 
  custom:container-demuxer-webm: 4f35f7cbe854078d1ac9338744f61a02 -> 
  custom:container-demuxer-ogg: 62fdf1f143b41e24485cea50d1cbac27 -> 
  custom:video-encoder-webm-vp8: eb34c28f22e8b96e1ab97ce403110664 -> 
  custom:video-decoder-webm-vp8: 9c59270c3fd7afecdb556c50c9e8de78 -> 
  custom:audio-decoder-ogg-vorbis: bf7c407c2cedff20999df2af8eb42d56 -> 
  custom:audio-encoder-webm-vorbis: bf7c407c2cedff20999df2af8eb42d56 -> 
========================================================================
Received Prepare
Registering precompiled user dll's ...
Registered in 0.003593 seconds.
Begin MonoManager ReloadAssembly
Native extension for WindowsStandalone target not found
Refreshing native plugins compatible for Editor in 0.42 ms, found 2 plugins.
Preloading 0 native plugins for Editor in 0.00 ms.
Mono: successfully reloaded assembly
- Completed reload, in  1.315 seconds
Platform modules already initialized, skipping
Refreshing native plugins compatible for Editor in 0.41 ms, found 2 plugins.
Preloading 0 native plugins for Editor in 0.00 ms.
Unloading 1436 Unused Serialized files (Serialized files now loaded: 0)
System memory in use before: 69.4 MB.
System memory in use after: 69.5 MB.

Unloading 14 unused Assets to reduce memory usage. Loaded Objects now: 1902.
Total: 2.535600 ms (FindLiveObjects: 0.172300 ms CreateObjectMapping: 0.073400 ms MarkObjects: 2.219100 ms  DeleteObjects: 0.069100 ms)

AssetImportParameters requested are different than current active one (requested -> active):
  custom:framework-win-MediaFoundation: 216162199b28c13a410421893ffa2e32 -> 
  custom:video-decoder-ogg-theora: a1e56fd34408186e4bbccfd4996cb3dc -> 
  custom:container-muxer-webm: aa71ff27fc2769a1b78a27578f13a17b -> 
  custom:container-demuxer-webm: 4f35f7cbe854078d1ac9338744f61a02 -> 
  custom:container-demuxer-ogg: 62fdf1f143b41e24485cea50d1cbac27 -> 
  custom:video-encoder-webm-vp8: eb34c28f22e8b96e1ab97ce403110664 -> 
  custom:video-decoder-webm-vp8: 9c59270c3fd7afecdb556c50c9e8de78 -> 
  custom:audio-decoder-ogg-vorbis: bf7c407c2cedff20999df2af8eb42d56 -> 
  custom:audio-encoder-webm-vorbis: bf7c407c2cedff20999df2af8eb42d56 -> 
========================================================================
Received Prepare
Registering precompiled user dll's ...
Registered in 0.003922 seconds.
Begin MonoManager ReloadAssembly
Native extension for WindowsStandalone target not found
Refreshing native plugins compatible for Editor in 0.43 ms, found 2 plugins.
Preloading 0 native plugins for Editor in 0.00 ms.
Mono: successfully reloaded assembly
- Completed reload, in  1.369 seconds
Platform modules already initialized, skipping
Refreshing native plugins compatible for Editor in 0.47 ms, found 2 plugins.
Preloading 0 native plugins for Editor in 0.00 ms.
Unloading 1436 Unused Serialized files (Serialized files now loaded: 0)
System memory in use before: 69.4 MB.
System memory in use after: 69.5 MB.

Unloading 14 unused Assets to reduce memory usage. Loaded Objects now: 1905.
Total: 2.357500 ms (FindLiveObjects: 0.150200 ms CreateObjectMapping: 0.070700 ms MarkObjects: 1.996700 ms  DeleteObjects: 0.138000 ms)

AssetImportParameters requested are different than current active one (requested -> active):
  custom:framework-win-MediaFoundation: 216162199b28c13a410421893ffa2e32 -> 
  custom:video-decoder-ogg-theora: a1e56fd34408186e4bbccfd4996cb3dc -> 
  custom:container-muxer-webm: aa71ff27fc2769a1b78a27578f13a17b -> 
  custom:container-demuxer-webm: 4f35f7cbe854078d1ac9338744f61a02 -> 
  custom:container-demuxer-ogg: 62fdf1f143b41e24485cea50d1cbac27 -> 
  custom:video-encoder-webm-vp8: eb34c28f22e8b96e1ab97ce403110664 -> 
  custom:video-decoder-webm-vp8: 9c59270c3fd7afecdb556c50c9e8de78 -> 
  custom:audio-decoder-ogg-vorbis: bf7c407c2cedff20999df2af8eb42d56 -> 
  custom:audio-encoder-webm-vorbis: bf7c407c2cedff20999df2af8eb42d56 -> 
========================================================================
Received Prepare
Registering precompiled user dll's ...
Registered in 0.006979 seconds.
Begin MonoManager ReloadAssembly
Native extension for WindowsStandalone target not found
Refreshing native plugins compatible for Editor in 0.42 ms, found 2 plugins.
Preloading 0 native plugins for Editor in 0.00 ms.
Mono: successfully reloaded assembly
- Completed reload, in  1.351 seconds
Platform modules already initialized, skipping
Refreshing native plugins compatible for Editor in 0.41 ms, found 2 plugins.
Preloading 0 native plugins for Editor in 0.00 ms.
Unloading 1436 Unused Serialized files (Serialized files now loaded: 0)
System memory in use before: 69.5 MB.
System memory in use after: 69.5 MB.

Unloading 14 unused Assets to reduce memory usage. Loaded Objects now: 1908.
Total: 2.241600 ms (FindLiveObjects: 0.151400 ms CreateObjectMapping: 0.063800 ms MarkObjects: 1.953400 ms  DeleteObjects: 0.071500 ms)

AssetImportParameters requested are different than current active one (requested -> active):
  custom:framework-win-MediaFoundation: 216162199b28c13a410421893ffa2e32 -> 
  custom:video-decoder-ogg-theora: a1e56fd34408186e4bbccfd4996cb3dc -> 
  custom:container-muxer-webm: aa71ff27fc2769a1b78a27578f13a17b -> 
  custom:container-demuxer-webm: 4f35f7cbe854078d1ac9338744f61a02 -> 
  custom:container-demuxer-ogg: 62fdf1f143b41e24485cea50d1cbac27 -> 
  custom:video-encoder-webm-vp8: eb34c28f22e8b96e1ab97ce403110664 -> 
  custom:video-decoder-webm-vp8: 9c59270c3fd7afecdb556c50c9e8de78 -> 
  custom:audio-decoder-ogg-vorbis: bf7c407c2cedff20999df2af8eb42d56 -> 
  custom:audio-encoder-webm-vorbis: bf7c407c2cedff20999df2af8eb42d56 -> 
========================================================================
Received Prepare
Registering precompiled user dll's ...
Registered in 0.003909 seconds.
Begin MonoManager ReloadAssembly
Native extension for WindowsStandalone target not found
Refreshing native plugins compatible for Editor in 0.41 ms, found 2 plugins.
Preloading 0 native plugins for Editor in 0.00 ms.
Mono: successfully reloaded assembly
- Completed reload, in  1.351 seconds
Platform modules already initialized, skipping
Refreshing native plugins compatible for Editor in 0.41 ms, found 2 plugins.
Preloading 0 native plugins for Editor in 0.00 ms.
Unloading 1436 Unused Serialized files (Serialized files now loaded: 0)
System memory in use before: 69.5 MB.
System memory in use after: 69.5 MB.

Unloading 14 unused Assets to reduce memory usage. Loaded Objects now: 1911.
Total: 2.427600 ms (FindLiveObjects: 0.157800 ms CreateObjectMapping: 0.063700 ms MarkObjects: 2.141300 ms  DeleteObjects: 0.063300 ms)

AssetImportParameters requested are different than current active one (requested -> active):
  custom:framework-win-MediaFoundation: 216162199b28c13a410421893ffa2e32 -> 
  custom:video-decoder-ogg-theora: a1e56fd34408186e4bbccfd4996cb3dc -> 
  custom:container-muxer-webm: aa71ff27fc2769a1b78a27578f13a17b -> 
  custom:container-demuxer-webm: 4f35f7cbe854078d1ac9338744f61a02 -> 
  custom:container-demuxer-ogg: 62fdf1f143b41e24485cea50d1cbac27 -> 
  custom:video-encoder-webm-vp8: eb34c28f22e8b96e1ab97ce403110664 -> 
  custom:video-decoder-webm-vp8: 9c59270c3fd7afecdb556c50c9e8de78 -> 
  custom:audio-decoder-ogg-vorbis: bf7c407c2cedff20999df2af8eb42d56 -> 
  custom:audio-encoder-webm-vorbis: bf7c407c2cedff20999df2af8eb42d56 -> 
========================================================================
Received Prepare
Registering precompiled user dll's ...
Registered in 0.004247 seconds.
Begin MonoManager ReloadAssembly
Native extension for WindowsStandalone target not found
Refreshing native plugins compatible for Editor in 0.46 ms, found 2 plugins.
Preloading 0 native plugins for Editor in 0.00 ms.
Mono: successfully reloaded assembly
- Completed reload, in  1.301 seconds
Platform modules already initialized, skipping
Refreshing native plugins compatible for Editor in 0.41 ms, found 2 plugins.
Preloading 0 native plugins for Editor in 0.00 ms.
Unloading 1436 Unused Serialized files (Serialized files now loaded: 0)
System memory in use before: 69.5 MB.
System memory in use after: 69.5 MB.

Unloading 14 unused Assets to reduce memory usage. Loaded Objects now: 1914.
Total: 2.554100 ms (FindLiveObjects: 0.155200 ms CreateObjectMapping: 0.061400 ms MarkObjects: 2.269300 ms  DeleteObjects: 0.066500 ms)

AssetImportParameters requested are different than current active one (requested -> active):
  custom:framework-win-MediaFoundation: 216162199b28c13a410421893ffa2e32 -> 
  custom:video-decoder-ogg-theora: a1e56fd34408186e4bbccfd4996cb3dc -> 
  custom:container-muxer-webm: aa71ff27fc2769a1b78a27578f13a17b -> 
  custom:container-demuxer-webm: 4f35f7cbe854078d1ac9338744f61a02 -> 
  custom:container-demuxer-ogg: 62fdf1f143b41e24485cea50d1cbac27 -> 
  custom:video-encoder-webm-vp8: eb34c28f22e8b96e1ab97ce403110664 -> 
  custom:video-decoder-webm-vp8: 9c59270c3fd7afecdb556c50c9e8de78 -> 
  custom:audio-decoder-ogg-vorbis: bf7c407c2cedff20999df2af8eb42d56 -> 
  custom:audio-encoder-webm-vorbis: bf7c407c2cedff20999df2af8eb42d56 -> 
========================================================================
Received Import Request.
  Time since last request: 1457.686517 seconds.
  path: Assets/RESOURCES
  artifactKey: Guid(2e60bf148a3aa414489d8a15232bd763) Importer(815301076,1909f56bfc062723c751e8b465ee728b)
Start importing Assets/RESOURCES using Guid(2e60bf148a3aa414489d8a15232bd763) Importer(815301076,1909f56bfc062723c751e8b465ee728b)  -> (artifact id: '2c82da50c6d120afce5d5e43f25b708f') in 0.014415 seconds 
  Import took 0.017501 seconds .

========================================================================
Received Import Request.
  Time since last request: 1.621577 seconds.
  path: Assets/Scenes
  artifactKey: Guid(fcc9de48a3538284caf020b7fce2f1bf) Importer(815301076,1909f56bfc062723c751e8b465ee728b)
Start importing Assets/Scenes using Guid(fcc9de48a3538284caf020b7fce2f1bf) Importer(815301076,1909f56bfc062723c751e8b465ee728b)  -> (artifact id: '9998c3f80685a9476e4471d8b322eafb') in 0.009505 seconds 
  Import took 0.012550 seconds .

========================================================================
Received Import Request.
  Time since last request: 4.752631 seconds.
  path: Assets/Animations/68747470733a2f2f6d656469612e646973636f72646170702e6e65742f6174746163686d656e74732f3531303534373034303632333931393130342f3836363736363939303232373031333634322f506978656c2d4172742d426f73732d537061636573_0.controller
  artifactKey: Guid(87123e7f9eaa9054980325f18dd4bcca) Importer(815301076,1909f56bfc062723c751e8b465ee728b)
Start importing Assets/Animations/68747470733a2f2f6d656469612e646973636f72646170702e6e65742f6174746163686d656e74732f3531303534373034303632333931393130342f3836363736363939303232373031333634322f506978656c2d4172742d426f73732d537061636573_0.controller using Guid(87123e7f9eaa9054980325f18dd4bcca) Importer(815301076,1909f56bfc062723c751e8b465ee728b)  -> (artifact id: 'c2b3d3e731823692e18e9a68c96033a8') in 0.027799 seconds 
  Import took 0.030852 seconds .

========================================================================
Received Import Request.
  Time since last request: 2.022581 seconds.
  path: Assets/Animations/HeroIdle.anim
  artifactKey: Guid(aa33292a1738dba4a872bba43729e95c) Importer(815301076,1909f56bfc062723c751e8b465ee728b)
Start importing Assets/Animations/HeroIdle.anim using Guid(aa33292a1738dba4a872bba43729e95c) Importer(815301076,1909f56bfc062723c751e8b465ee728b)  -> (artifact id: '65c2ce391a0d0e2e20ac4b9e385fe2e1') in 0.011076 seconds 
  Import took 0.014210 seconds .

========================================================================
Received Import Request.
  Time since last request: 0.072007 seconds.
  path: Assets/Animations/HeroIdle.anim
  artifactKey: Guid(aa33292a1738dba4a872bba43729e95c) Importer(815301076,1909f56bfc062723c751e8b465ee728b)
Start importing Assets/Animations/HeroIdle.anim using Guid(aa33292a1738dba4a872bba43729e95c) Importer(815301076,1909f56bfc062723c751e8b465ee728b)  -> (artifact id: '65c2ce391a0d0e2e20ac4b9e385fe2e1') in 0.009522 seconds 
  Import took 0.014823 seconds .

========================================================================
Received Import Request.
  Time since last request: 0.723278 seconds.
  path: Assets/Animations/MoveLeft.anim
  artifactKey: Guid(1d445e136c0c0974691c4d3e9f060809) Importer(815301076,1909f56bfc062723c751e8b465ee728b)
Start importing Assets/Animations/MoveLeft.anim using Guid(1d445e136c0c0974691c4d3e9f060809) Importer(815301076,1909f56bfc062723c751e8b465ee728b)  -> (artifact id: 'd788d68d5a12e68baf2f53b66f3a00de') in 0.011103 seconds 
  Import took 0.014916 seconds .

========================================================================
Received Import Request.
  Time since last request: 0.002156 seconds.
  path: Assets/Animations/MoveLeft.anim
  artifactKey: Guid(1d445e136c0c0974691c4d3e9f060809) Importer(815301076,1909f56bfc062723c751e8b465ee728b)
Start importing Assets/Animations/MoveLeft.anim using Guid(1d445e136c0c0974691c4d3e9f060809) Importer(815301076,1909f56bfc062723c751e8b465ee728b)  -> (artifact id: 'd788d68d5a12e68baf2f53b66f3a00de') in 0.006106 seconds 
  Import took 0.010095 seconds .

========================================================================
Received Import Request.
  Time since last request: 0.571657 seconds.
  path: Assets/Animations/MoveRight.anim
  artifactKey: Guid(5597de7417aacb44fa5305621b7c0892) Importer(815301076,1909f56bfc062723c751e8b465ee728b)
Start importing Assets/Animations/MoveRight.anim using Guid(5597de7417aacb44fa5305621b7c0892) Importer(815301076,1909f56bfc062723c751e8b465ee728b)  -> (artifact id: '95986631258c3dc28135da9fff416688') in 0.010882 seconds 
  Import took 0.014365 seconds .

========================================================================
Received Import Request.
  Time since last request: 0.000359 seconds.
  path: Assets/Animations/MoveRight.anim
  artifactKey: Guid(5597de7417aacb44fa5305621b7c0892) Importer(815301076,1909f56bfc062723c751e8b465ee728b)
Start importing Assets/Animations/MoveRight.anim using Guid(5597de7417aacb44fa5305621b7c0892) Importer(815301076,1909f56bfc062723c751e8b465ee728b)  -> (artifact id: '95986631258c3dc28135da9fff416688') in 0.004901 seconds 
  Import took 0.009117 seconds .

========================================================================
Received Import Request.
  Time since last request: 1.142302 seconds.
  path: Assets/Animations/DroneEnemy
  artifactKey: Guid(87029c8254e81c54797f1f0da88fbe31) Importer(815301076,1909f56bfc062723c751e8b465ee728b)
Start importing Assets/Animations/DroneEnemy using Guid(87029c8254e81c54797f1f0da88fbe31) Importer(815301076,1909f56bfc062723c751e8b465ee728b)  -> (artifact id: '78586c6955f3f8642a5be50b270844ca') in 0.009371 seconds 
  Import took 0.012430 seconds .

========================================================================
Received Import Request.
  Time since last request: 8.850344 seconds.
  path: Assets/RESOURCES/sprites
  artifactKey: Guid(f002aa262c464674e9274b3e04294358) Importer(815301076,1909f56bfc062723c751e8b465ee728b)
Start importing Assets/RESOURCES/sprites using Guid(f002aa262c464674e9274b3e04294358) Importer(815301076,1909f56bfc062723c751e8b465ee728b)  -> (artifact id: 'a2bae5339c9083d44dee1915244c76c1') in 0.009258 seconds 
  Import took 0.012278 seconds .

========================================================================
Received Import Request.
  Time since last request: 0.116951 seconds.
  path: Assets/RESOURCES/sprites/Digits.png
  artifactKey: Guid(524c9599504210e4d9b94c60b68e9786) Importer(815301076,1909f56bfc062723c751e8b465ee728b)
Start importing Assets/RESOURCES/sprites/Digits.png using Guid(524c9599504210e4d9b94c60b68e9786) Importer(815301076,1909f56bfc062723c751e8b465ee728b)  -> (artifact id: '4cf9535c04c64c074d0df14ef1b149a2') in 0.073831 seconds 
  Import took 0.078046 seconds .

========================================================================
Received Import Request.
  Time since last request: 3.000576 seconds.
  path: Assets/RESOURCES/sprites/MainCharacter
  artifactKey: Guid(076f1a03b49d6e34184858f65c761252) Importer(815301076,1909f56bfc062723c751e8b465ee728b)
Start importing Assets/RESOURCES/sprites/MainCharacter using Guid(076f1a03b49d6e34184858f65c761252) Importer(815301076,1909f56bfc062723c751e8b465ee728b)  -> (artifact id: 'ff358811f887dca565a2a0f49da6cf71') in 0.010763 seconds 
  Import took 0.013725 seconds .

========================================================================
Received Import Request.
  Time since last request: 0.045180 seconds.
  path: Assets/RESOURCES/sprites/MainCharacter/MCFullUP.png
  artifactKey: Guid(e5020fe2f4c785847aaaf89ef743befa) Importer(815301076,1909f56bfc062723c751e8b465ee728b)
Start importing Assets/RESOURCES/sprites/MainCharacter/MCFullUP.png using Guid(e5020fe2f4c785847aaaf89ef743befa) Importer(815301076,1909f56bfc062723c751e8b465ee728b)  -> (artifact id: 'e686859b89cd96241d03283f7c847698') in 0.115174 seconds 
  Import took 0.119180 seconds .

========================================================================
Received Import Request.
  Time since last request: 120.042441 seconds.
  path: Assets/Animations/HeroIdleMirrored.anim
  artifactKey: Guid(a02f76041f660a3489d7f635892da448) Importer(815301076,1909f56bfc062723c751e8b465ee728b)
Start importing Assets/Animations/HeroIdleMirrored.anim using Guid(a02f76041f660a3489d7f635892da448) Importer(815301076,1909f56bfc062723c751e8b465ee728b)  -> (artifact id: '9d98adfd7e027a42f6de76e65d0b4c52') in 0.012003 seconds 
  Import took 0.015729 seconds .

========================================================================
Received Import Request.
  Time since last request: 0.002235 seconds.
  path: Assets/Animations/HeroIdleMirrored.anim
  artifactKey: Guid(a02f76041f660a3489d7f635892da448) Importer(815301076,1909f56bfc062723c751e8b465ee728b)
Start importing Assets/Animations/HeroIdleMirrored.anim using Guid(a02f76041f660a3489d7f635892da448) Importer(815301076,1909f56bfc062723c751e8b465ee728b)  -> (artifact id: '9d98adfd7e027a42f6de76e65d0b4c52') in 0.004734 seconds 
  Import took 0.008379 seconds .

========================================================================
Received Prepare
Registering precompiled user dll's ...
Registered in 0.003928 seconds.
Begin MonoManager ReloadAssembly
Native extension for WindowsStandalone target not found
Refreshing native plugins compatible for Editor in 0.40 ms, found 2 plugins.
Preloading 0 native plugins for Editor in 0.00 ms.
Mono: successfully reloaded assembly
- Completed reload, in  1.352 seconds
Platform modules already initialized, skipping
Refreshing native plugins compatible for Editor in 0.41 ms, found 2 plugins.
Preloading 0 native plugins for Editor in 0.00 ms.
Unloading 1436 Unused Serialized files (Serialized files now loaded: 0)
System memory in use before: 69.6 MB.
System memory in use after: 69.6 MB.

Unloading 14 unused Assets to reduce memory usage. Loaded Objects now: 1923.
Total: 2.327000 ms (FindLiveObjects: 0.171300 ms CreateObjectMapping: 0.063700 ms MarkObjects: 2.016800 ms  DeleteObjects: 0.073400 ms)

AssetImportParameters requested are different than current active one (requested -> active):
  custom:framework-win-MediaFoundation: 216162199b28c13a410421893ffa2e32 -> 
  custom:video-decoder-ogg-theora: a1e56fd34408186e4bbccfd4996cb3dc -> 
  custom:container-muxer-webm: aa71ff27fc2769a1b78a27578f13a17b -> 
  custom:container-demuxer-webm: 4f35f7cbe854078d1ac9338744f61a02 -> 
  custom:container-demuxer-ogg: 62fdf1f143b41e24485cea50d1cbac27 -> 
  custom:video-encoder-webm-vp8: eb34c28f22e8b96e1ab97ce403110664 -> 
  custom:video-decoder-webm-vp8: 9c59270c3fd7afecdb556c50c9e8de78 -> 
  custom:audio-decoder-ogg-vorbis: bf7c407c2cedff20999df2af8eb42d56 -> 
  custom:audio-encoder-webm-vorbis: bf7c407c2cedff20999df2af8eb42d56 -> 
========================================================================
Received Prepare
Registering precompiled user dll's ...
Registered in 0.003647 seconds.
Begin MonoManager ReloadAssembly
Native extension for WindowsStandalone target not found
Refreshing native plugins compatible for Editor in 0.39 ms, found 2 plugins.
Preloading 0 native plugins for Editor in 0.00 ms.
Mono: successfully reloaded assembly
- Completed reload, in  1.338 seconds
Platform modules already initialized, skipping
Refreshing native plugins compatible for Editor in 0.41 ms, found 2 plugins.
Preloading 0 native plugins for Editor in 0.00 ms.
Unloading 1436 Unused Serialized files (Serialized files now loaded: 0)
System memory in use before: 69.6 MB.
System memory in use after: 69.6 MB.

Unloading 14 unused Assets to reduce memory usage. Loaded Objects now: 1926.
Total: 2.394200 ms (FindLiveObjects: 0.144700 ms CreateObjectMapping: 0.062400 ms MarkObjects: 2.116400 ms  DeleteObjects: 0.069400 ms)

AssetImportParameters requested are different than current active one (requested -> active):
  custom:framework-win-MediaFoundation: 216162199b28c13a410421893ffa2e32 -> 
  custom:video-decoder-ogg-theora: a1e56fd34408186e4bbccfd4996cb3dc -> 
  custom:container-muxer-webm: aa71ff27fc2769a1b78a27578f13a17b -> 
  custom:container-demuxer-webm: 4f35f7cbe854078d1ac9338744f61a02 -> 
  custom:container-demuxer-ogg: 62fdf1f143b41e24485cea50d1cbac27 -> 
  custom:video-encoder-webm-vp8: eb34c28f22e8b96e1ab97ce403110664 -> 
  custom:video-decoder-webm-vp8: 9c59270c3fd7afecdb556c50c9e8de78 -> 
  custom:audio-decoder-ogg-vorbis: bf7c407c2cedff20999df2af8eb42d56 -> 
  custom:audio-encoder-webm-vorbis: bf7c407c2cedff20999df2af8eb42d56 -> 
========================================================================
Received Prepare
Registering precompiled user dll's ...
Registered in 0.003756 seconds.
Begin MonoManager ReloadAssembly
Native extension for WindowsStandalone target not found
Refreshing native plugins compatible for Editor in 0.41 ms, found 2 plugins.
Preloading 0 native plugins for Editor in 0.00 ms.
Mono: successfully reloaded assembly
- Completed reload, in  1.368 seconds
Platform modules already initialized, skipping
Refreshing native plugins compatible for Editor in 0.43 ms, found 2 plugins.
Preloading 0 native plugins for Editor in 0.00 ms.
Unloading 1436 Unused Serialized files (Serialized files now loaded: 0)
System memory in use before: 69.6 MB.
System memory in use after: 69.6 MB.

Unloading 14 unused Assets to reduce memory usage. Loaded Objects now: 1929.
Total: 2.218000 ms (FindLiveObjects: 0.164300 ms CreateObjectMapping: 0.063800 ms MarkObjects: 1.917100 ms  DeleteObjects: 0.071100 ms)

AssetImportParameters requested are different than current active one (requested -> active):
  custom:framework-win-MediaFoundation: 216162199b28c13a410421893ffa2e32 -> 
  custom:video-decoder-ogg-theora: a1e56fd34408186e4bbccfd4996cb3dc -> 
  custom:container-muxer-webm: aa71ff27fc2769a1b78a27578f13a17b -> 
  custom:container-demuxer-webm: 4f35f7cbe854078d1ac9338744f61a02 -> 
  custom:container-demuxer-ogg: 62fdf1f143b41e24485cea50d1cbac27 -> 
  custom:video-encoder-webm-vp8: eb34c28f22e8b96e1ab97ce403110664 -> 
  custom:video-decoder-webm-vp8: 9c59270c3fd7afecdb556c50c9e8de78 -> 
  custom:audio-decoder-ogg-vorbis: bf7c407c2cedff20999df2af8eb42d56 -> 
  custom:audio-encoder-webm-vorbis: bf7c407c2cedff20999df2af8eb42d56 -> 
========================================================================
Received Prepare
Registering precompiled user dll's ...
Registered in 0.003878 seconds.
Begin MonoManager ReloadAssembly
Native extension for WindowsStandalone target not found
Refreshing native plugins compatible for Editor in 0.41 ms, found 2 plugins.
Preloading 0 native plugins for Editor in 0.00 ms.
Mono: successfully reloaded assembly
- Completed reload, in  1.311 seconds
Platform modules already initialized, skipping
Refreshing native plugins compatible for Editor in 0.42 ms, found 2 plugins.
Preloading 0 native plugins for Editor in 0.00 ms.
Unloading 1436 Unused Serialized files (Serialized files now loaded: 0)
System memory in use before: 69.6 MB.
System memory in use after: 69.7 MB.

Unloading 14 unused Assets to reduce memory usage. Loaded Objects now: 1932.
Total: 2.292400 ms (FindLiveObjects: 0.202600 ms CreateObjectMapping: 0.063300 ms MarkObjects: 1.945000 ms  DeleteObjects: 0.080200 ms)

AssetImportParameters requested are different than current active one (requested -> active):
  custom:framework-win-MediaFoundation: 216162199b28c13a410421893ffa2e32 -> 
  custom:video-decoder-ogg-theora: a1e56fd34408186e4bbccfd4996cb3dc -> 
  custom:container-muxer-webm: aa71ff27fc2769a1b78a27578f13a17b -> 
  custom:container-demuxer-webm: 4f35f7cbe854078d1ac9338744f61a02 -> 
  custom:container-demuxer-ogg: 62fdf1f143b41e24485cea50d1cbac27 -> 
  custom:video-encoder-webm-vp8: eb34c28f22e8b96e1ab97ce403110664 -> 
  custom:video-decoder-webm-vp8: 9c59270c3fd7afecdb556c50c9e8de78 -> 
  custom:audio-decoder-ogg-vorbis: bf7c407c2cedff20999df2af8eb42d56 -> 
  custom:audio-encoder-webm-vorbis: bf7c407c2cedff20999df2af8eb42d56 -> 
========================================================================
Received Prepare
Registering precompiled user dll's ...
Registered in 0.004484 seconds.
Begin MonoManager ReloadAssembly
Native extension for WindowsStandalone target not found
Refreshing native plugins compatible for Editor in 0.48 ms, found 2 plugins.
Preloading 0 native plugins for Editor in 0.00 ms.
Mono: successfully reloaded assembly
- Completed reload, in  1.346 seconds
Platform modules already initialized, skipping
Refreshing native plugins compatible for Editor in 0.41 ms, found 2 plugins.
Preloading 0 native plugins for Editor in 0.00 ms.
Unloading 1436 Unused Serialized files (Serialized files now loaded: 0)
System memory in use before: 69.6 MB.
System memory in use after: 69.7 MB.

Unloading 14 unused Assets to reduce memory usage. Loaded Objects now: 1935.
Total: 2.444500 ms (FindLiveObjects: 0.165600 ms CreateObjectMapping: 0.100500 ms MarkObjects: 2.100100 ms  DeleteObjects: 0.076500 ms)

AssetImportParameters requested are different than current active one (requested -> active):
  custom:framework-win-MediaFoundation: 216162199b28c13a410421893ffa2e32 -> 
  custom:video-decoder-ogg-theora: a1e56fd34408186e4bbccfd4996cb3dc -> 
  custom:container-muxer-webm: aa71ff27fc2769a1b78a27578f13a17b -> 
  custom:container-demuxer-webm: 4f35f7cbe854078d1ac9338744f61a02 -> 
  custom:container-demuxer-ogg: 62fdf1f143b41e24485cea50d1cbac27 -> 
  custom:video-encoder-webm-vp8: eb34c28f22e8b96e1ab97ce403110664 -> 
  custom:video-decoder-webm-vp8: 9c59270c3fd7afecdb556c50c9e8de78 -> 
  custom:audio-decoder-ogg-vorbis: bf7c407c2cedff20999df2af8eb42d56 -> 
  custom:audio-encoder-webm-vorbis: bf7c407c2cedff20999df2af8eb42d56 -> 
========================================================================
Received Prepare
Registering precompiled user dll's ...
Registered in 0.003736 seconds.
Begin MonoManager ReloadAssembly
Native extension for WindowsStandalone target not found
Refreshing native plugins compatible for Editor in 0.40 ms, found 2 plugins.
Preloading 0 native plugins for Editor in 0.00 ms.
Mono: successfully reloaded assembly
- Completed reload, in  1.315 seconds
Platform modules already initialized, skipping
Refreshing native plugins compatible for Editor in 0.41 ms, found 2 plugins.
Preloading 0 native plugins for Editor in 0.00 ms.
Unloading 1436 Unused Serialized files (Serialized files now loaded: 0)
System memory in use before: 69.6 MB.
System memory in use after: 69.7 MB.

Unloading 14 unused Assets to reduce memory usage. Loaded Objects now: 1938.
Total: 2.670400 ms (FindLiveObjects: 0.148200 ms CreateObjectMapping: 0.063200 ms MarkObjects: 2.376900 ms  DeleteObjects: 0.080700 ms)

AssetImportParameters requested are different than current active one (requested -> active):
  custom:framework-win-MediaFoundation: 216162199b28c13a410421893ffa2e32 -> 
  custom:video-decoder-ogg-theora: a1e56fd34408186e4bbccfd4996cb3dc -> 
  custom:container-muxer-webm: aa71ff27fc2769a1b78a27578f13a17b -> 
  custom:container-demuxer-webm: 4f35f7cbe854078d1ac9338744f61a02 -> 
  custom:container-demuxer-ogg: 62fdf1f143b41e24485cea50d1cbac27 -> 
  custom:video-encoder-webm-vp8: eb34c28f22e8b96e1ab97ce403110664 -> 
  custom:video-decoder-webm-vp8: 9c59270c3fd7afecdb556c50c9e8de78 -> 
  custom:audio-decoder-ogg-vorbis: bf7c407c2cedff20999df2af8eb42d56 -> 
  custom:audio-encoder-webm-vorbis: bf7c407c2cedff20999df2af8eb42d56 -> 
AssetImportWorkerClient::OnTransportError - code=2 error=End of file
